2020-11-18 19:06:06,548 INFO  [log] /api/v1/get_cards/merchant/1/user/44/expires_at/1605722766
2020-11-18 19:06:06,548 INFO  [log] 1605722766
2020-11-18 19:06:06,603 INFO  [log] 63867aebc61cadf4202468bcbeadb3144181c5e84d1a39ad1572b079b1f0017a696a40d552d06bbb597fdf9340336c44d46ffe07901d4de97c4c1e296e5c5061
2020-11-18 19:06:06,786 INFO  [log] /link_card/merchant/1/user/44/sum/100/currency/643/transaction/15f23111-d2f4-4763-bdc6-308335fab820/use_3ds/false/success_url/aHR0cHM6Ly95YW5kZXgucnUvP2lkPTEyMw==/fail_url/aHR0cHM6Ly9yYW1ibGVyLnJ1Lz9pZD0zMjE=/expires_at/1605722766
2020-11-18 19:06:06,787 INFO  [log] 1605722766
2020-11-18 19:06:06,794 INFO  [log] 3ce5994cc660b0a0cb474705348e60418be7921ddef0cd8d127ae14829ef8211dc3cba08e317818bc4a7463b1851f89591c57405f4708cec595b5c5a37a2d786
2020-11-18 19:06:06,854 INFO  [log] 1605722766
2020-11-18 19:06:06,858 INFO  [log] 459766ddcbe69c70b080f9e46d84f650ceb7ce364274a506c9886b8f9b9ad8cd2933e47d73af777e693a246ee83743dab2166eba23a0c0c103fb531c0601476a
2020-11-18 19:06:06,962 INFO  [log] /api/v1/do_payment/merchant/1/user/7/pay/applepay/token/345345356453/ip/127.0.0.1/sum/50000/currency/643/order/32661138/transaction/592df699-6528-44c8-9e9d-fe5d10f10270/description/%D0%9F%D1%80%D0%B5%D0%B2%D0%B5%D0%B4+%D0%9C%D0%B5%D0%B4%D0%B2%D0%B5%D0%B4%21/success_url/aHR0cHM6Ly95YW5kZXgucnUvP2lkPTEyMw==/fail_url/aHR0cHM6Ly9yYW1ibGVyLnJ1Lz9pZD0zMjE=/expires_at/1605722766
2020-11-18 19:06:06,962 INFO  [log] 1605722766
2020-11-18 19:06:06,965 INFO  [log] 3a344b40160b0897f1b34d30d4a70ff63d021cad5ce9594afc4ee62fc57dc123cc35dcf32e75b0c8675d2942cda21d31d54856ba2d83729f991add6152502dee
2020-11-18 19:08:07,927 INFO  [log] /api/v1/get_cards/merchant/1/user/44/expires_at/1605722887
2020-11-18 19:08:07,928 INFO  [log] 1605722887
2020-11-18 19:08:07,992 INFO  [log] b46e7d004161f7a25759749a76dfaa07d789b0014c34eae02a70cfb3ebe47855847cefaefbd0c02a2b3e07913b3b47460b4269a4c4dc337ab7b40fcadf51e5c5
2020-11-18 19:08:08,473 INFO  [log] /link_card/merchant/1/user/44/sum/100/currency/643/transaction/2aecafd4-a3ce-49c9-915c-f822ff40a084/use_3ds/false/success_url/aHR0cHM6Ly95YW5kZXgucnUvP2lkPTEyMw==/fail_url/aHR0cHM6Ly9yYW1ibGVyLnJ1Lz9pZD0zMjE=/expires_at/1605722888
2020-11-18 19:08:08,473 INFO  [log] 1605722888
2020-11-18 19:08:08,479 INFO  [log] 83c3ce490b289492c9328564e10e6ade7b8fdb8db6fc10ed0929dae27ec4929c574bfe8eeb23b8c4db1856340c60ba249ebed8dac70c1321ebc02848d5a1cac3
2020-11-18 19:08:08,679 INFO  [log] 1605722888
2020-11-18 19:08:08,684 INFO  [log] 63aa871d5265ab306d15c21f728811bfb2e00b2a22a61cde0fae27f972237043dde7d7c4a38e6af13b2031b92775f03a93ff86c89704f0f2e0afa00304ca51d1
2020-11-18 19:08:08,825 INFO  [log] /api/v1/do_payment/merchant/1/user/7/pay/applepay/token/345345356453/ip/127.0.0.1/sum/50000/currency/643/order/37000206/transaction/e6c0f796-e5f8-475f-a6ec-39eac00e1581/description/%D0%9F%D1%80%D0%B5%D0%B2%D0%B5%D0%B4+%D0%9C%D0%B5%D0%B4%D0%B2%D0%B5%D0%B4%21/success_url/aHR0cHM6Ly95YW5kZXgucnUvP2lkPTEyMw==/fail_url/aHR0cHM6Ly9yYW1ibGVyLnJ1Lz9pZD0zMjE=/expires_at/1605722888
2020-11-18 19:08:08,825 INFO  [log] 1605722888
2020-11-18 19:08:08,829 INFO  [log] 9c2d89e02c3bce6f1dbc304e8bee5b77b0f42099d54163127be02d156f2376a7e7a1b660eb34dcca9f43aaa8be3820372432b0eeaefeb501892547f4d6d9905b
2020-11-18 19:09:18,864 INFO  [log] /api/v1/get_cards/merchant/1/user/44/expires_at/1605722958
2020-11-18 19:09:18,864 INFO  [log] 1605722958
2020-11-18 19:09:18,928 INFO  [log] e695e7f9d22e6629d4a45a4d0a075c1e687ce4ad0d1a8b4a5312518587fd4087450e6924583178e752dee809274d7ef956e291543295b7d24483487827fa1d68
2020-11-18 19:09:19,302 INFO  [log] /link_card/merchant/1/user/44/sum/100/currency/643/transaction/27264462-13e5-41d9-9f52-8588e180fd4d/use_3ds/false/success_url/aHR0cHM6Ly95YW5kZXgucnUvP2lkPTEyMw==/fail_url/aHR0cHM6Ly9yYW1ibGVyLnJ1Lz9pZD0zMjE=/expires_at/1605722959
2020-11-18 19:09:19,302 INFO  [log] 1605722959
2020-11-18 19:09:19,307 INFO  [log] 20045d093180932d9d51dc121d89d89862b54c9765bec0b8a392f6e90eff519356fa1327b3d8697c5c03c36139e4ffb69d9e1dfd68976460ffeee160ee57744d
2020-11-18 19:09:19,488 INFO  [log] 1605722959
2020-11-18 19:09:19,493 INFO  [log] 546bb40044b8a1950682723d0ecc7ed6bf90f461496def8a0bf18f6643b9f68a8bb26da07cfe4172fcf6a70316e790ee7a5004ee096bce7a722cf0dcbdcf48cb
2020-11-18 19:09:19,626 INFO  [log] /api/v1/do_payment/merchant/1/user/7/pay/applepay/token/345345356453/ip/127.0.0.1/sum/50000/currency/643/order/17794134/transaction/99de7b4f-cb79-43b3-8e07-00c9cd06e4dc/description/%D0%9F%D1%80%D0%B5%D0%B2%D0%B5%D0%B4+%D0%9C%D0%B5%D0%B4%D0%B2%D0%B5%D0%B4%21/success_url/aHR0cHM6Ly95YW5kZXgucnUvP2lkPTEyMw==/fail_url/aHR0cHM6Ly9yYW1ibGVyLnJ1Lz9pZD0zMjE=/expires_at/1605722959
2020-11-18 19:09:19,626 INFO  [log] 1605722959
2020-11-18 19:09:19,630 INFO  [log] 60d40c79b65137c574317cd7ebfb64031c976911c97a34693c908352bff41bec00595c6696c7d4db379096eaa23677d8ca655b2f07847c272c8fe22f33859319
2020-11-18 19:14:13,262 INFO  [log] /api/v1/get_cards/merchant/1/user/44/expires_at/1605723253
2020-11-18 19:14:13,263 INFO  [log] 1605723253
2020-11-18 19:14:13,315 INFO  [log] ceda35ae3f2bb29f7b27fac2b84471c36e98720b1c76766cd958fe45ae1a9b3ab9f4cb463aca003dd654371914cfa3ed9c6a86205100fd3d14a75c4fec06e5bb
2020-11-18 19:14:13,806 INFO  [log] /link_card/merchant/1/user/44/sum/100/currency/643/transaction/bc0e6c26-1380-4be1-9a65-133ec8fa05f9/use_3ds/false/success_url/aHR0cHM6Ly95YW5kZXgucnUvP2lkPTEyMw==/fail_url/aHR0cHM6Ly9yYW1ibGVyLnJ1Lz9pZD0zMjE=/expires_at/1605723253
2020-11-18 19:14:13,807 INFO  [log] 1605723253
2020-11-18 19:14:13,811 INFO  [log] 17638a25b70980ff65a5c54f1adf8ed596bc546d40407b7661c71c8b50b9853f2041e41a887d7246b7ee54eebfe0c5937f3493fe2a15ed3d4718e9f71f819349
2020-11-18 19:14:13,997 INFO  [log] 1605723253
2020-11-18 19:14:14,000 INFO  [log] 8b038d9e65c0b9661052b8c8eec583732f226f49b771a8411a2814d2dbbc611bfd2e6f2a394e4ffe39700f90f19d0d5c0ca749d94756ce6ddfb3d6f38fe6eb68
2020-11-18 19:14:14,133 INFO  [log] /api/v1/do_payment/merchant/1/user/7/pay/applepay/token/345345356453/ip/127.0.0.1/sum/50000/currency/643/order/941626/transaction/f06e8053-84db-4f57-8188-554091ae16fa/description/%D0%9F%D1%80%D0%B5%D0%B2%D0%B5%D0%B4+%D0%9C%D0%B5%D0%B4%D0%B2%D0%B5%D0%B4%21/success_url/aHR0cHM6Ly95YW5kZXgucnUvP2lkPTEyMw==/fail_url/aHR0cHM6Ly9yYW1ibGVyLnJ1Lz9pZD0zMjE=/expires_at/1605723254
2020-11-18 19:14:14,133 INFO  [log] 1605723254
2020-11-18 19:14:14,137 INFO  [log] 60c650f241131e74f4b390b8462ca2644c5da3c60505449f337384f78a1c4c150b15b72f11a6d65a45160b2e50b1d2de7abaed9542b9a1b88eaf7a377ea00099
2020-11-18 20:00:43,498 INFO  [log] /api/v1/get_cards/merchant/1/user/44/expires_at/1605726043
2020-11-18 20:00:43,499 INFO  [log] 1605726043
2020-11-18 20:00:43,553 INFO  [log] fbfe5682302e3f276cfa56faef3d151468f8d7ea1a77923f48d40bb02c750331f6d2130b36f90ed70fd354b56e52deebee1ae070131ffc4b1ebbfad6878fdf22
2020-11-18 20:00:44,424 INFO  [log] /link_card/merchant/1/user/44/sum/100/currency/643/transaction/f262840a-94fa-4087-bafc-513d5a156c1e/use_3ds/false/success_url/aHR0cHM6Ly95YW5kZXgucnUvP2lkPTEyMw==/fail_url/aHR0cHM6Ly9yYW1ibGVyLnJ1Lz9pZD0zMjE=/expires_at/1605726044
2020-11-18 20:00:44,424 INFO  [log] 1605726044
2020-11-18 20:00:44,430 INFO  [log] 7acad7f1c83be857af1a7d9693fbeb00c6846453a4baa9371eab03810e97a731ef424820adadebcf41f853fe284eb0eae499a59552b8608dc7e98a3adb1fd52c
2020-11-18 20:00:44,730 INFO  [log] 1605726044
2020-11-18 20:00:44,735 INFO  [log] daabdba6d7e85f27f529cf5e41a83917f12a987e20d30e5a912d54c21ddde390cf13ddccae01eb0d3c1606ad2514b6565416e0a021c231fee1c0e356482f7ad9
2020-11-18 20:00:45,018 INFO  [log] /api/v1/do_payment/merchant/1/user/7/pay/applepay/token/345345356453/ip/127.0.0.1/sum/50000/currency/643/order/97371400/transaction/82f07e0e-d80c-4ed4-998c-8ecc51cb9817/description/%D0%9F%D1%80%D0%B5%D0%B2%D0%B5%D0%B4+%D0%9C%D0%B5%D0%B4%D0%B2%D0%B5%D0%B4%21/success_url/aHR0cHM6Ly95YW5kZXgucnUvP2lkPTEyMw==/fail_url/aHR0cHM6Ly9yYW1ibGVyLnJ1Lz9pZD0zMjE=/expires_at/1605726045
2020-11-18 20:00:45,019 INFO  [log] 1605726045
2020-11-18 20:00:45,023 INFO  [log] 81cb1de58bb56493f04f3bf6171d5db49e24791c074d859184d5a49cb1fba224017947e6333324799f8dbe9d3c9c83cb610b85e239c51d2bc1c2725ecaec6780
2020-11-18 20:01:19,004 INFO  [log] /api/v1/get_cards/merchant/1/user/44/expires_at/1605726078
2020-11-18 20:01:19,004 INFO  [log] 1605726078
2020-11-18 20:01:19,065 INFO  [log] d47cf79b7ce6ffc056812e34c8af10cdacbc6b38e65d50977b82e51b6f294f51820d6a1dfa4cf10ba07b354897a00d10b54b6fc1a1e65b09676c930af2aaf036
2020-11-18 20:01:19,705 INFO  [log] /link_card/merchant/1/user/44/sum/100/currency/643/transaction/5dc0a8f5-8cad-4251-a328-0be3b2d58b7a/use_3ds/false/success_url/aHR0cHM6Ly95YW5kZXgucnUvP2lkPTEyMw==/fail_url/aHR0cHM6Ly9yYW1ibGVyLnJ1Lz9pZD0zMjE=/expires_at/1605726079
2020-11-18 20:01:19,706 INFO  [log] 1605726079
2020-11-18 20:01:19,711 INFO  [log] 44bfb7a5671c0dad6f58273422a044f341e06ae32f23afd07603ea7b1b06db35a78a09b6710b239ea9a21f91024065b0b9cefb258d99036a340cf9490c9fba47
2020-11-18 20:01:19,905 INFO  [log] 1605726079
2020-11-18 20:01:19,910 INFO  [log] 354a490cf80bebb223554b319a1928ad7a4ca480f27fad8c718fd22dce461a16256cc2e8537c0ada13ba0d2a698feaee9d087600f7595ff32a364833320004b0
2020-11-18 20:01:20,045 INFO  [log] /api/v1/do_payment/merchant/1/user/7/pay/applepay/token/345345356453/ip/127.0.0.1/sum/50000/currency/643/order/93789452/transaction/01a7d52a-8a17-469a-a4f4-8f8f652e9f2b/description/%D0%9F%D1%80%D0%B5%D0%B2%D0%B5%D0%B4+%D0%9C%D0%B5%D0%B4%D0%B2%D0%B5%D0%B4%21/success_url/aHR0cHM6Ly95YW5kZXgucnUvP2lkPTEyMw==/fail_url/aHR0cHM6Ly9yYW1ibGVyLnJ1Lz9pZD0zMjE=/expires_at/1605726080
2020-11-18 20:01:20,045 INFO  [log] 1605726080
2020-11-18 20:01:20,051 INFO  [log] d6ffb33c05fe7ffcedc968baa37457119636f65b97ab852c538a7acfc6af6504bf00a5d9b6ca073f0cc9f0ed84cbf290afd5f57902781d94f6adcccda3930572
2020-11-18 20:19:00,927 INFO  [log] /api/v1/get_cards/merchant/1/user/44/expires_at/1605727140
2020-11-18 20:19:00,927 INFO  [log] 1605727140
2020-11-18 20:19:00,988 INFO  [log] 2f675719192f704c402eb469bb59fdf8cfbf9a8e87927af0be919d627e8580984627d8c2667fe21e4c4ddb6bd96819811fe9d7dc94114bbb947f3f9a35338fab
2020-11-18 20:19:01,476 INFO  [log] /link_card/merchant/1/user/44/sum/100/currency/643/transaction/f45a02d6-4e86-4dbd-960f-8abc75bacf2b/use_3ds/false/success_url/aHR0cHM6Ly95YW5kZXgucnUvP2lkPTEyMw==/fail_url/aHR0cHM6Ly9yYW1ibGVyLnJ1Lz9pZD0zMjE=/expires_at/1605727141
2020-11-18 20:19:01,476 INFO  [log] 1605727141
2020-11-18 20:19:01,481 INFO  [log] 7d6f254ce30b93a628bb81629d56146a7a135ca3df56f0b923d52320aa002567fc27f268c30477023db83ce1b714f85b27b1766556540d2dd8260fea019d1dbb
2020-11-18 20:19:01,688 INFO  [log] 1605727141
2020-11-18 20:19:01,693 INFO  [log] d2e2af2dc9dea3a0dbfdcdd4e4d0d10d26e6378d11ed67cb9258ed0316554e0356853be19ef96f93103b2a442b8f7cb588a9a694a5cff57cca35877fb9f86e25
2020-11-18 20:19:01,840 INFO  [log] /api/v1/do_payment/merchant/1/user/7/pay/applepay/token/345345356453/ip/127.0.0.1/sum/50000/currency/643/order/2162039/transaction/64e5624e-206b-4423-8e66-62adfb06e19e/description/%D0%9F%D1%80%D0%B5%D0%B2%D0%B5%D0%B4+%D0%9C%D0%B5%D0%B4%D0%B2%D0%B5%D0%B4%21/success_url/aHR0cHM6Ly95YW5kZXgucnUvP2lkPTEyMw==/fail_url/aHR0cHM6Ly9yYW1ibGVyLnJ1Lz9pZD0zMjE=/expires_at/1605727141
2020-11-18 20:19:01,841 INFO  [log] 1605727141
2020-11-18 20:19:01,845 INFO  [log] 03cdc5a9a8fbb82d4245af31a614f60da6ecf3c189a2b3c648e897390bace9415f00a47f7a0c6e6f1ec763e62f8c539d78f72481625a4481a3b454d13b50c859
